20230717 14:59:14 INFO  [main] simpleTests.GetEmployees GetEmployees.java13 - *************Reading User info****************
20230717 15:01:37 INFO  [main] simpleTests.GetEmployees GetEmployees.java13 - *************Reading User info****************
20230717 15:26:19 INFO  [main] simpleTests.GetEmployees GetEmployees.java13 - *************Reading User info****************
20230717 15:31:15 INFO  [main] simpleTests.GetEmployees GetEmployees.java13 - *************Reading User info****************
20230717 16:43:22 INFO  [main] simpleTests.CreateEmployees CreateEmployees.java17 - *************User info is displayed****************
20230717 16:44:49 INFO  [main] simpleTests.CreateEmployees CreateEmployees.java17 - *************User info is displayed****************
20230717 17:31:19 INFO  [main] simpleTests.CreateEmployees CreateEmployees.java17 - *************User info is displayed****************
20230717 17:43:05 INFO  [main] simpleTests.CreateEmployees CreateEmployees.java17 - *************User info is displayed****************
20230717 17:49:11 INFO  [main] simpleTests.CreateEmployees CreateEmployees.java17 - *************User info is displayed****************
20230717 17:52:50 INFO  [main] simpleTests.CreateEmployees CreateEmployees.java17 - *************User info is displayed****************
20230717 17:56:02 INFO  [main] simpleTests.CreateEmployees CreateEmployees.java17 - *************User info is displayed****************
20230717 17:58:21 INFO  [main] simpleTests.CreateEmployees CreateEmployees.java17 - *************User info is displayed****************
20230717 17:58:24 INFO  [main] simpleTests.CreateEmployees CreateEmployees.java25 - *************User is Created****************
20230717 18:00:42 INFO  [main] simpleTests.CreateEmployees CreateEmployees.java17 - *************User info is displayed****************
20230717 18:00:44 INFO  [main] simpleTests.CreateEmployees CreateEmployees.java25 - *************User is Created****************
20230717 18:06:25 INFO  [main] simpleTests.CreateEmployees CreateEmployees.java17 - *************User info is displayed****************
20230717 18:06:28 INFO  [main] simpleTests.CreateEmployees CreateEmployees.java25 - *************User is Created****************
20230717 18:06:29 INFO  [main] simpleTests.GetEmployees GetEmployees.java13 - *************Reading User info****************
20230717 18:06:29 INFO  [main] simpleTests.DeleteEmployees DeleteEmployees.java17 - *************Delete User Data****************
20230717 18:07:16 INFO  [main] simpleTests.CreateEmployees CreateEmployees.java17 - *************User info is displayed****************
20230717 18:07:47 INFO  [main] simpleTests.CreateEmployees CreateEmployees.java17 - *************User info is displayed****************
20230717 18:07:50 INFO  [main] simpleTests.CreateEmployees CreateEmployees.java25 - *************User is Created****************
20230717 18:23:53 INFO  [main] simpleTests.CreateEmployees CreateEmployees.java17 - *************User info is displayed****************
20230717 18:23:56 INFO  [main] simpleTests.CreateEmployees CreateEmployees.java25 - *************User is Created****************
20230717 19:48:31 INFO  [main] simpleTests.CreateEmployees CreateEmployees.java17 - *************User info is displayed****************
20230717 19:48:34 INFO  [main] simpleTests.CreateEmployees CreateEmployees.java25 - *************User is Created****************
20230717 19:53:42 INFO  [main] simpleTests.CreateEmployees CreateEmployees.java17 - *************User info is displayed****************
20230717 19:53:45 INFO  [main] simpleTests.CreateEmployees CreateEmployees.java25 - *************User is Created****************
20230717 19:53:45 INFO  [main] simpleTests.DeleteEmployees DeleteEmployees.java17 - *************Delete User Data****************
20230717 19:53:46 INFO  [main] simpleTests.GetEmployeeId GetEmployeeId.java18 - *************Reading getEmpId****************
20230717 19:54:40 INFO  [main] simpleTests.CreateEmployees CreateEmployees.java17 - *************User info is displayed****************
20230717 19:54:42 INFO  [main] simpleTests.DeleteEmployees DeleteEmployees.java17 - *************Delete User Data****************
20230717 19:54:42 INFO  [main] simpleTests.GetEmployeeId GetEmployeeId.java18 - *************Reading getEmpId****************
20230717 20:03:34 INFO  [main] simpleTests.CreateEmployees CreateEmployees.java17 - *************User info is displayed****************
20230717 20:03:36 INFO  [main] simpleTests.CreateEmployees CreateEmployees.java25 - *************User is Created****************
20230717 20:04:17 INFO  [main] simpleTests.DeleteEmployees DeleteEmployees.java17 - *************Delete User Data****************
20230717 20:05:19 INFO  [main] simpleTests.DeleteEmployees DeleteEmployees.java17 - *************Delete User Data****************
20230717 20:05:21 INFO  [main] simpleTests.DeleteEmployees DeleteEmployees.java25 - *************User Deleted****************
20230717 20:05:54 INFO  [main] simpleTests.DeleteEmployees DeleteEmployees.java31 - *************Delete User Data****************
20230717 20:06:34 INFO  [main] simpleTests.DeleteEmployees DeleteEmployees.java31 - *************Delete User Data****************
20230717 20:06:36 INFO  [main] simpleTests.DeleteEmployees DeleteEmployees.java37 - *************User Deleted****************
20230717 20:09:25 INFO  [main] simpleTests.DeleteEmployees DeleteEmployees.java31 - *************Delete User Data****************
20230717 20:09:27 INFO  [main] simpleTests.DeleteEmployees DeleteEmployees.java37 - *************User Deleted****************
20230717 20:16:48 INFO  [main] simpleTests.GetEmployeeId GetEmployeeId.java18 - *************Reading getEmpId****************
20230717 20:16:50 INFO  [main] simpleTests.GetEmployeeId GetEmployeeId.java25 - *************End of getEmpId****************
